2024-04-23 15:43:56,260 INFO org.springframework.boot.StartupInfoLogger [main] Starting DemoApplication using Java 20.0.1 with PID 5724 (C:\Users\hp\IdeaProjects\demo\target\classes started by hp in C:\Users\hp\IdeaProjects\demo)
2024-04-23 15:43:56,268 INFO org.springframework.boot.SpringApplication [main] No active profile set, falling back to 1 default profile: "default"
2024-04-23 15:43:59,130 INFO org.springframework.data.repository.config.RepositoryConfigurationDelegate [main] Bootstrapping Spring Data JPA repositories in DEFAULT mode.
2024-04-23 15:43:59,381 INFO org.springframework.data.repository.config.RepositoryConfigurationDelegate [main] Finished Spring Data repository scanning in 233 ms. Found 2 JPA repository interfaces.
2024-04-23 15:44:00,882 INFO org.springframework.boot.web.embedded.tomcat.TomcatWebServer [main] Tomcat initialized with port 8080 (http)
2024-04-23 15:44:00,915 INFO org.apache.juli.logging.DirectJDKLog [main] Starting service [Tomcat]
2024-04-23 15:44:00,916 INFO org.apache.juli.logging.DirectJDKLog [main] Starting Servlet engine: [Apache Tomcat/10.1.19]
2024-04-23 15:44:01,137 INFO org.apache.juli.logging.DirectJDKLog [main] Initializing Spring embedded WebApplicationContext
2024-04-23 15:44:01,138 INFO org.springframework.boot.web.servlet.context.ServletWebServerApplicationContext [main] Root WebApplicationContext: initialization completed in 4713 ms
2024-04-23 15:44:01,448 INFO com.zaxxer.hikari.HikariDataSource [main] HikariPool-1 - Starting...
2024-04-23 15:44:01,900 INFO com.zaxxer.hikari.pool.HikariPool [main] HikariPool-1 - Added connection org.postgresql.jdbc.PgConnection@62f9c790
2024-04-23 15:44:01,904 INFO com.zaxxer.hikari.HikariDataSource [main] HikariPool-1 - Start completed.
2024-04-23 15:44:02,400 INFO liquibase.logging.core.JavaLogger [main] Set default schema name to public
2024-04-23 15:44:03,014 INFO liquibase.logging.core.JavaLogger [main] Reading resource: db/changelog/1.x.x/001-update-schema.xml
2024-04-23 15:44:04,003 INFO liquibase.logging.core.JavaLogger [main] Reading from public.databasechangelog
2024-04-23 15:44:04,191 INFO liquibase.logging.core.JavaLogger [main] Reading from public.databasechangelog
2024-04-23 15:44:04,211 INFO liquibase.logging.core.JavaLogger [main] UPDATE SUMMARY
2024-04-23 15:44:04,211 INFO liquibase.logging.core.JavaLogger [main] Run:                          0
2024-04-23 15:44:04,212 INFO liquibase.logging.core.JavaLogger [main] Previously run:              14
2024-04-23 15:44:04,212 INFO liquibase.logging.core.JavaLogger [main] Filtered out:                 0
2024-04-23 15:44:04,213 INFO liquibase.logging.core.JavaLogger [main] -------------------------------
2024-04-23 15:44:04,213 INFO liquibase.logging.core.JavaLogger [main] Total change sets:           14
2024-04-23 15:44:04,214 INFO liquibase.logging.core.JavaLogger [main] Update summary generated
2024-04-23 15:44:04,277 INFO liquibase.logging.core.JavaLogger [main] Successfully released change log lock
2024-04-23 15:44:04,282 INFO liquibase.logging.core.JavaLogger [main] Command execution complete
2024-04-23 15:44:04,491 INFO org.hibernate.jpa.internal.util.LogHelper [main] HHH000204: Processing PersistenceUnitInfo [name: default]
2024-04-23 15:44:04,692 INFO org.hibernate.Version [main] HHH000412: Hibernate ORM core version 6.4.4.Final
2024-04-23 15:44:04,792 INFO org.hibernate.cache.internal.RegionFactoryInitiator [main] HHH000026: Second-level cache disabled
2024-04-23 15:44:05,043 INFO org.hibernate.envers.boot.internal.EnversServiceImpl [main] Envers integration enabled? : true
2024-04-23 15:44:05,479 INFO org.springframework.orm.jpa.persistenceunit.SpringPersistenceUnitInfo [main] No LoadTimeWeaver setup: ignoring JPA class transformer
2024-04-23 15:44:05,626 WARN org.hibernate.engine.jdbc.dialect.internal.DialectFactoryImpl [main] HHH90000025: PostgreSQLDialect does not need to be specified explicitly using 'hibernate.dialect' (remove the property setting and it will be selected by default)
2024-04-23 15:44:06,269 INFO org.hibernate.envers.configuration.internal.metadata.AuditMetadataGenerator [main] Adding properties for entity: com.example.demo.document.entity.Document
2024-04-23 15:44:06,274 INFO org.hibernate.envers.configuration.internal.metadata.AuditMetadataGenerator [main] Adding properties for entity: com.example.demo.Patient.entity.Patient
2024-04-23 15:44:08,300 INFO org.hibernate.engine.transaction.jta.platform.internal.JtaPlatformInitiator [main] HHH000489: No JTA platform available (set 'hibernate.transaction.jta.platform' to enable JTA platform integration)
2024-04-23 15:44:08,307 INFO org.springframework.orm.jpa.AbstractEntityManagerFactoryBean [main] Initialized JPA EntityManagerFactory for persistence unit 'default'
2024-04-23 15:44:09,191 WARN org.springframework.boot.autoconfigure.orm.jpa.JpaBaseConfiguration$JpaWebConfiguration [main] spring.jpa.open-in-view is enabled by default. Therefore, database queries may be performed during view rendering. Explicitly configure spring.jpa.open-in-view to disable this warning
2024-04-23 15:44:10,062 INFO org.springframework.boot.web.embedded.tomcat.TomcatWebServer [main] Tomcat started on port 8080 (http) with context path ''
2024-04-23 15:44:10,087 INFO org.springframework.boot.StartupInfoLogger [main] Started DemoApplication in 15.291 seconds (process running for 18.263)
2024-04-23 15:46:49,469 INFO org.springframework.orm.jpa.AbstractEntityManagerFactoryBean [SpringApplicationShutdownHook] Closing JPA EntityManagerFactory for persistence unit 'default'
2024-04-23 15:46:49,474 INFO com.zaxxer.hikari.HikariDataSource [SpringApplicationShutdownHook] HikariPool-1 - Shutdown initiated...
2024-04-23 15:46:49,482 INFO com.zaxxer.hikari.HikariDataSource [SpringApplicationShutdownHook] HikariPool-1 - Shutdown completed.
2024-04-23 15:47:02,006 INFO org.springframework.boot.StartupInfoLogger [main] Starting DemoApplication using Java 20.0.1 with PID 5400 (C:\Users\hp\IdeaProjects\demo\target\classes started by hp in C:\Users\hp\IdeaProjects\demo)
2024-04-23 15:47:02,012 INFO org.springframework.boot.SpringApplication [main] No active profile set, falling back to 1 default profile: "default"
2024-04-23 15:47:03,953 INFO org.springframework.data.repository.config.RepositoryConfigurationDelegate [main] Bootstrapping Spring Data JPA repositories in DEFAULT mode.
2024-04-23 15:47:04,161 INFO org.springframework.data.repository.config.RepositoryConfigurationDelegate [main] Finished Spring Data repository scanning in 189 ms. Found 2 JPA repository interfaces.
2024-04-23 15:47:05,537 INFO org.springframework.boot.web.embedded.tomcat.TomcatWebServer [main] Tomcat initialized with port 8080 (http)
2024-04-23 15:47:05,570 INFO org.apache.juli.logging.DirectJDKLog [main] Starting service [Tomcat]
2024-04-23 15:47:05,571 INFO org.apache.juli.logging.DirectJDKLog [main] Starting Servlet engine: [Apache Tomcat/10.1.19]
2024-04-23 15:47:05,727 INFO org.apache.juli.logging.DirectJDKLog [main] Initializing Spring embedded WebApplicationContext
2024-04-23 15:47:05,728 INFO org.springframework.boot.web.servlet.context.ServletWebServerApplicationContext [main] Root WebApplicationContext: initialization completed in 3563 ms
2024-04-23 15:47:06,065 INFO com.zaxxer.hikari.HikariDataSource [main] HikariPool-1 - Starting...
2024-04-23 15:47:06,455 INFO com.zaxxer.hikari.pool.HikariPool [main] HikariPool-1 - Added connection org.postgresql.jdbc.PgConnection@32ab408e
2024-04-23 15:47:06,458 INFO com.zaxxer.hikari.HikariDataSource [main] HikariPool-1 - Start completed.
2024-04-23 15:47:06,814 INFO liquibase.logging.core.JavaLogger [main] Set default schema name to public
2024-04-23 15:47:07,366 INFO liquibase.logging.core.JavaLogger [main] Reading resource: db/changelog/1.x.x/001-update-schema.xml
2024-04-23 15:47:08,357 INFO liquibase.logging.core.JavaLogger [main] Reading from public.databasechangelog
2024-04-23 15:47:08,539 INFO liquibase.logging.core.JavaLogger [main] Reading from public.databasechangelog
2024-04-23 15:47:08,565 INFO liquibase.logging.core.JavaLogger [main] UPDATE SUMMARY
2024-04-23 15:47:08,566 INFO liquibase.logging.core.JavaLogger [main] Run:                          0
2024-04-23 15:47:08,567 INFO liquibase.logging.core.JavaLogger [main] Previously run:              14
2024-04-23 15:47:08,567 INFO liquibase.logging.core.JavaLogger [main] Filtered out:                 0
2024-04-23 15:47:08,568 INFO liquibase.logging.core.JavaLogger [main] -------------------------------
2024-04-23 15:47:08,569 INFO liquibase.logging.core.JavaLogger [main] Total change sets:           14
2024-04-23 15:47:08,570 INFO liquibase.logging.core.JavaLogger [main] Update summary generated
2024-04-23 15:47:08,642 INFO liquibase.logging.core.JavaLogger [main] Successfully released change log lock
2024-04-23 15:47:08,648 INFO liquibase.logging.core.JavaLogger [main] Command execution complete
2024-04-23 15:47:08,840 INFO org.hibernate.jpa.internal.util.LogHelper [main] HHH000204: Processing PersistenceUnitInfo [name: default]
2024-04-23 15:47:08,996 INFO org.hibernate.Version [main] HHH000412: Hibernate ORM core version 6.4.4.Final
2024-04-23 15:47:09,104 INFO org.hibernate.cache.internal.RegionFactoryInitiator [main] HHH000026: Second-level cache disabled
2024-04-23 15:47:09,328 INFO org.hibernate.envers.boot.internal.EnversServiceImpl [main] Envers integration enabled? : true
2024-04-23 15:47:09,709 INFO org.springframework.orm.jpa.persistenceunit.SpringPersistenceUnitInfo [main] No LoadTimeWeaver setup: ignoring JPA class transformer
2024-04-23 15:47:09,823 WARN org.hibernate.engine.jdbc.dialect.internal.DialectFactoryImpl [main] HHH90000025: PostgreSQLDialect does not need to be specified explicitly using 'hibernate.dialect' (remove the property setting and it will be selected by default)
2024-04-23 15:47:10,502 INFO org.hibernate.envers.configuration.internal.metadata.AuditMetadataGenerator [main] Adding properties for entity: com.example.demo.document.entity.Document
2024-04-23 15:47:10,507 INFO org.hibernate.envers.configuration.internal.metadata.AuditMetadataGenerator [main] Adding properties for entity: com.example.demo.Patient.entity.Patient
2024-04-23 15:47:12,756 INFO org.hibernate.engine.transaction.jta.platform.internal.JtaPlatformInitiator [main] HHH000489: No JTA platform available (set 'hibernate.transaction.jta.platform' to enable JTA platform integration)
2024-04-23 15:47:12,764 INFO org.springframework.orm.jpa.AbstractEntityManagerFactoryBean [main] Initialized JPA EntityManagerFactory for persistence unit 'default'
2024-04-23 15:47:13,847 WARN org.springframework.boot.autoconfigure.orm.jpa.JpaBaseConfiguration$JpaWebConfiguration [main] spring.jpa.open-in-view is enabled by default. Therefore, database queries may be performed during view rendering. Explicitly configure spring.jpa.open-in-view to disable this warning
2024-04-23 15:47:14,606 INFO org.springframework.boot.web.embedded.tomcat.TomcatWebServer [main] Tomcat started on port 8080 (http) with context path ''
2024-04-23 15:47:14,623 INFO org.springframework.boot.StartupInfoLogger [main] Started DemoApplication in 14.262 seconds (process running for 16.903)
2024-04-23 15:47:57,931 INFO org.apache.juli.logging.DirectJDKLog [http-nio-8080-exec-2] Initializing Spring DispatcherServlet 'dispatcherServlet'
2024-04-23 15:47:57,934 INFO org.springframework.web.servlet.FrameworkServlet [http-nio-8080-exec-2] Initializing Servlet 'dispatcherServlet'
2024-04-23 15:47:57,938 INFO org.springframework.web.servlet.FrameworkServlet [http-nio-8080-exec-2] Completed initialization in 2 ms
2024-04-23 15:48:05,385 TRACE com.example.demo.Patient.Service.PatientService [http-nio-8080-exec-4] Search patient
2024-04-23 15:48:05,389 DEBUG com.example.demo.Patient.Service.PatientService [http-nio-8080-exec-4] page:2
2024-04-23 15:48:05,657 DEBUG org.hibernate.engine.jdbc.spi.SqlStatementLogger [http-nio-8080-exec-4] select p1_0."id",p1_0."birth_date",p1_0."created_by",p1_0."created_date",p1_0."family_status",p1_0."gender",p1_0."modified_by",p1_0."modified_date",p1_0."mutual",p1_0."name",p1_0."profession" from "patient" p1_0 order by p1_0."name" offset ? rows fetch first ? rows only
2024-04-23 15:48:05,660 TRACE org.hibernate.type.descriptor.JdbcBindingLogging [http-nio-8080-exec-4] binding parameter (1:INTEGER) <- [20]
2024-04-23 15:48:05,665 TRACE org.hibernate.type.descriptor.JdbcBindingLogging [http-nio-8080-exec-4] binding parameter (2:INTEGER) <- [10]
2024-04-23 15:48:05,705 DEBUG org.hibernate.engine.jdbc.spi.SqlStatementLogger [http-nio-8080-exec-4] select count(p1_0."id") from "patient" p1_0
2024-04-23 15:48:54,449 DEBUG org.hibernate.engine.jdbc.spi.SqlStatementLogger [http-nio-8080-exec-5] select nextval('"patient_seq"')
2024-04-23 15:48:54,624 DEBUG org.hibernate.engine.jdbc.spi.SqlStatementLogger [http-nio-8080-exec-5] insert into "patient" ("birth_date","created_by","created_date","family_status","gender","modified_by","modified_date","mutual","name","profession","id") values (?,?,?,?,?,?,?,?,?,?,?)
2024-04-23 15:48:54,630 TRACE org.hibernate.type.descriptor.JdbcBindingLogging [http-nio-8080-exec-5] binding parameter (1:DATE) <- [1990-01-01]
2024-04-23 15:48:54,632 TRACE org.hibernate.type.descriptor.JdbcBindingLogging [http-nio-8080-exec-5] binding parameter (2:VARCHAR) <- [anonymous]
2024-04-23 15:48:54,633 TRACE org.hibernate.type.descriptor.JdbcBindingLogging [http-nio-8080-exec-5] binding parameter (3:TIMESTAMP) <- [2024-04-23T15:48:54.520139700]
2024-04-23 15:48:54,635 TRACE org.hibernate.type.descriptor.JdbcBindingLogging [http-nio-8080-exec-5] binding parameter (4:VARCHAR) <- [SINGLE]
2024-04-23 15:48:54,636 TRACE org.hibernate.type.descriptor.JdbcBindingLogging [http-nio-8080-exec-5] binding parameter (5:VARCHAR) <- [MALE]
2024-04-23 15:48:54,636 TRACE org.hibernate.type.descriptor.JdbcBindingLogging [http-nio-8080-exec-5] binding parameter (6:VARCHAR) <- [anonymous]
2024-04-23 15:48:54,637 TRACE org.hibernate.type.descriptor.JdbcBindingLogging [http-nio-8080-exec-5] binding parameter (7:TIMESTAMP) <- [2024-04-23T15:48:54.520139700]
2024-04-23 15:48:54,638 TRACE org.hibernate.type.descriptor.JdbcBindingLogging [http-nio-8080-exec-5] binding parameter (8:VARCHAR) <- [null]
2024-04-23 15:48:54,639 TRACE org.hibernate.type.descriptor.JdbcBindingLogging [http-nio-8080-exec-5] binding parameter (9:VARCHAR) <- [Arlene Wiegand]
2024-04-23 15:48:54,639 TRACE org.hibernate.type.descriptor.JdbcBindingLogging [http-nio-8080-exec-5] binding parameter (10:VARCHAR) <- [null]
2024-04-23 15:48:54,640 TRACE org.hibernate.type.descriptor.JdbcBindingLogging [http-nio-8080-exec-5] binding parameter (11:BIGINT) <- [252]
2024-04-23 15:48:54,678 DEBUG org.hibernate.engine.jdbc.spi.SqlStatementLogger [http-nio-8080-exec-5] select nextval('"revinfo_seq"')
2024-04-23 15:48:54,704 DEBUG org.hibernate.engine.jdbc.spi.SqlStatementLogger [http-nio-8080-exec-5] insert into "revinfo" ("editor","timestamp","id") values (?,?,?)
2024-04-23 15:48:54,705 TRACE org.hibernate.type.descriptor.JdbcBindingLogging [http-nio-8080-exec-5] binding parameter (1:VARCHAR) <- [anonymous]
2024-04-23 15:48:54,706 TRACE org.hibernate.type.descriptor.JdbcBindingLogging [http-nio-8080-exec-5] binding parameter (2:BIGINT) <- [1713887334675]
2024-04-23 15:48:54,706 TRACE org.hibernate.type.descriptor.JdbcBindingLogging [http-nio-8080-exec-5] binding parameter (3:BIGINT) <- [252]
2024-04-23 15:48:54,721 DEBUG org.hibernate.engine.jdbc.spi.SqlStatementLogger [http-nio-8080-exec-5] insert into "patient_aud" ("revtype","birth_date","family_status","gender","mutual","name","profession","rev","id") values (?,?,?,?,?,?,?,?,?)
2024-04-23 15:48:54,722 TRACE org.hibernate.type.descriptor.JdbcBindingLogging [http-nio-8080-exec-5] binding parameter (1:TINYINT) <- [ADD]
2024-04-23 15:48:54,723 TRACE org.hibernate.type.descriptor.JdbcBindingLogging [http-nio-8080-exec-5] binding parameter (2:DATE) <- [1990-01-01]
2024-04-23 15:48:54,724 TRACE org.hibernate.type.descriptor.JdbcBindingLogging [http-nio-8080-exec-5] binding parameter (3:VARCHAR) <- [SINGLE]
2024-04-23 15:48:54,726 TRACE org.hibernate.type.descriptor.JdbcBindingLogging [http-nio-8080-exec-5] binding parameter (4:VARCHAR) <- [MALE]
2024-04-23 15:48:54,727 TRACE org.hibernate.type.descriptor.JdbcBindingLogging [http-nio-8080-exec-5] binding parameter (5:VARCHAR) <- [null]
2024-04-23 15:48:54,728 TRACE org.hibernate.type.descriptor.JdbcBindingLogging [http-nio-8080-exec-5] binding parameter (6:VARCHAR) <- [Arlene Wiegand]
2024-04-23 15:48:54,730 TRACE org.hibernate.type.descriptor.JdbcBindingLogging [http-nio-8080-exec-5] binding parameter (7:VARCHAR) <- [null]
2024-04-23 15:48:54,732 TRACE org.hibernate.type.descriptor.JdbcBindingLogging [http-nio-8080-exec-5] binding parameter (8:BIGINT) <- [252]
2024-04-23 15:48:54,732 TRACE org.hibernate.type.descriptor.JdbcBindingLogging [http-nio-8080-exec-5] binding parameter (9:BIGINT) <- [252]
2024-04-23 15:54:25,687 INFO org.springframework.orm.jpa.AbstractEntityManagerFactoryBean [SpringApplicationShutdownHook] Closing JPA EntityManagerFactory for persistence unit 'default'
2024-04-23 15:54:25,694 INFO com.zaxxer.hikari.HikariDataSource [SpringApplicationShutdownHook] HikariPool-1 - Shutdown initiated...
2024-04-23 15:54:25,755 INFO com.zaxxer.hikari.HikariDataSource [SpringApplicationShutdownHook] HikariPool-1 - Shutdown completed.
2024-04-23 15:54:31,682 INFO org.springframework.boot.StartupInfoLogger [main] Starting DemoApplication using Java 20.0.1 with PID 20156 (C:\Users\hp\IdeaProjects\demo\target\classes started by hp in C:\Users\hp\IdeaProjects\demo)
2024-04-23 15:54:31,687 INFO org.springframework.boot.SpringApplication [main] No active profile set, falling back to 1 default profile: "default"
2024-04-23 15:54:33,186 INFO org.springframework.data.repository.config.RepositoryConfigurationDelegate [main] Bootstrapping Spring Data JPA repositories in DEFAULT mode.
2024-04-23 15:54:33,346 INFO org.springframework.data.repository.config.RepositoryConfigurationDelegate [main] Finished Spring Data repository scanning in 145 ms. Found 2 JPA repository interfaces.
2024-04-23 15:54:34,421 INFO org.springframework.boot.web.embedded.tomcat.TomcatWebServer [main] Tomcat initialized with port 8080 (http)
2024-04-23 15:54:34,441 INFO org.apache.juli.logging.DirectJDKLog [main] Starting service [Tomcat]
2024-04-23 15:54:34,441 INFO org.apache.juli.logging.DirectJDKLog [main] Starting Servlet engine: [Apache Tomcat/10.1.19]
2024-04-23 15:54:34,541 INFO org.apache.juli.logging.DirectJDKLog [main] Initializing Spring embedded WebApplicationContext
2024-04-23 15:54:34,542 INFO org.springframework.boot.web.servlet.context.ServletWebServerApplicationContext [main] Root WebApplicationContext: initialization completed in 2758 ms
2024-04-23 15:54:34,738 INFO com.zaxxer.hikari.HikariDataSource [main] HikariPool-1 - Starting...
2024-04-23 15:54:34,976 INFO com.zaxxer.hikari.pool.HikariPool [main] HikariPool-1 - Added connection org.postgresql.jdbc.PgConnection@5bfc79cb
2024-04-23 15:54:34,979 INFO com.zaxxer.hikari.HikariDataSource [main] HikariPool-1 - Start completed.
2024-04-23 15:54:35,213 INFO liquibase.logging.core.JavaLogger [main] Set default schema name to public
2024-04-23 15:54:35,697 INFO liquibase.logging.core.JavaLogger [main] Reading resource: db/changelog/1.x.x/001-update-schema.xml
2024-04-23 15:54:36,632 INFO liquibase.logging.core.JavaLogger [main] Reading from public.databasechangelog
2024-04-23 15:54:36,775 INFO liquibase.logging.core.JavaLogger [main] Reading from public.databasechangelog
2024-04-23 15:54:36,793 INFO liquibase.logging.core.JavaLogger [main] UPDATE SUMMARY
2024-04-23 15:54:36,794 INFO liquibase.logging.core.JavaLogger [main] Run:                          0
2024-04-23 15:54:36,795 INFO liquibase.logging.core.JavaLogger [main] Previously run:              14
2024-04-23 15:54:36,795 INFO liquibase.logging.core.JavaLogger [main] Filtered out:                 0
2024-04-23 15:54:36,796 INFO liquibase.logging.core.JavaLogger [main] -------------------------------
2024-04-23 15:54:36,796 INFO liquibase.logging.core.JavaLogger [main] Total change sets:           14
2024-04-23 15:54:36,796 INFO liquibase.logging.core.JavaLogger [main] Update summary generated
2024-04-23 15:54:36,854 INFO liquibase.logging.core.JavaLogger [main] Successfully released change log lock
2024-04-23 15:54:36,860 INFO liquibase.logging.core.JavaLogger [main] Command execution complete
2024-04-23 15:54:37,059 INFO org.hibernate.jpa.internal.util.LogHelper [main] HHH000204: Processing PersistenceUnitInfo [name: default]
2024-04-23 15:54:37,208 INFO org.hibernate.Version [main] HHH000412: Hibernate ORM core version 6.4.4.Final
2024-04-23 15:54:37,289 INFO org.hibernate.cache.internal.RegionFactoryInitiator [main] HHH000026: Second-level cache disabled
2024-04-23 15:54:37,495 INFO org.hibernate.envers.boot.internal.EnversServiceImpl [main] Envers integration enabled? : true
2024-04-23 15:54:37,789 INFO org.springframework.orm.jpa.persistenceunit.SpringPersistenceUnitInfo [main] No LoadTimeWeaver setup: ignoring JPA class transformer
2024-04-23 15:54:37,861 WARN org.hibernate.engine.jdbc.dialect.internal.DialectFactoryImpl [main] HHH90000025: PostgreSQLDialect does not need to be specified explicitly using 'hibernate.dialect' (remove the property setting and it will be selected by default)
2024-04-23 15:54:38,505 INFO org.hibernate.envers.configuration.internal.metadata.AuditMetadataGenerator [main] Adding properties for entity: com.example.demo.document.entity.Document
2024-04-23 15:54:38,511 INFO org.hibernate.envers.configuration.internal.metadata.AuditMetadataGenerator [main] Adding properties for entity: com.example.demo.Patient.entity.Patient
2024-04-23 15:54:40,397 INFO org.hibernate.engine.transaction.jta.platform.internal.JtaPlatformInitiator [main] HHH000489: No JTA platform available (set 'hibernate.transaction.jta.platform' to enable JTA platform integration)
2024-04-23 15:54:40,405 INFO org.springframework.orm.jpa.AbstractEntityManagerFactoryBean [main] Initialized JPA EntityManagerFactory for persistence unit 'default'
2024-04-23 15:54:41,299 WARN org.springframework.boot.autoconfigure.orm.jpa.JpaBaseConfiguration$JpaWebConfiguration [main] spring.jpa.open-in-view is enabled by default. Therefore, database queries may be performed during view rendering. Explicitly configure spring.jpa.open-in-view to disable this warning
2024-04-23 15:54:42,013 INFO org.springframework.boot.web.embedded.tomcat.TomcatWebServer [main] Tomcat started on port 8080 (http) with context path ''
2024-04-23 15:54:42,030 INFO org.springframework.boot.StartupInfoLogger [main] Started DemoApplication in 11.524 seconds (process running for 13.658)
2024-04-23 15:55:44,357 INFO org.apache.juli.logging.DirectJDKLog [http-nio-8080-exec-2] Initializing Spring DispatcherServlet 'dispatcherServlet'
2024-04-23 15:55:44,359 INFO org.springframework.web.servlet.FrameworkServlet [http-nio-8080-exec-2] Initializing Servlet 'dispatcherServlet'
2024-04-23 15:55:44,363 INFO org.springframework.web.servlet.FrameworkServlet [http-nio-8080-exec-2] Completed initialization in 3 ms
